app/build/intermediates/manifest_merge_blame_file/release/manifest-merger-blame-release-report.txt
1<?xml version="1.0" encoding="utf-8"?>
2<manifest xmlns:android="http://schemas.android.com/apk/res/android"
3    package="com.xnoeleex"
4    android:versionCode="1"
5    android:versionName="1.0" >
6
7    <uses-sdk
8        android:minSdkVersion="22"
8-->src\main\AndroidManifest.xml
9        android:targetSdkVersion="29" />
9-->src\main\AndroidManifest.xml
10
11    <application
11-->src\main\AndroidManifest.xml:5:5-30:19
12        android:allowBackup="true"
12-->src\main\AndroidManifest.xml:6:9-35
13        android:appComponentFactory="androidx.core.app.CoreComponentFactory"
13-->[androidx.core:core:1.1.0] AndroidManifest.xml:24:18-86
14        android:icon="@mipmap/ic_launcher"
14-->src\main\AndroidManifest.xml:7:9-43
15        android:label="@string/app_name"
15-->src\main\AndroidManifest.xml:8:9-41
16        android:roundIcon="@mipmap/ic_launcher_round"
16-->src\main\AndroidManifest.xml:9:9-54
17        android:supportsRtl="true"
17-->src\main\AndroidManifest.xml:10:9-35
18        android:theme="@style/AppTheme" >
18-->src\main\AndroidManifest.xml:11:9-40
19        <meta-data
19-->src\main\AndroidManifest.xml:13:9-15:36
20            android:name="xposedmodule"
20-->src\main\AndroidManifest.xml:14:13-40
21            android:value="true" />
21-->src\main\AndroidManifest.xml:15:13-33
22        <meta-data
22-->src\main\AndroidManifest.xml:16:9-18:45
23            android:name="xposeddescription"
23-->src\main\AndroidManifest.xml:17:13-45
24            android:value="解除安卓对自动化测试的限制" />
24-->src\main\AndroidManifest.xml:18:13-42
25        <meta-data
25-->src\main\AndroidManifest.xml:19:9-21:34
26            android:name="xposedminversion"
26-->src\main\AndroidManifest.xml:20:13-44
27            android:value="89" />
27-->src\main\AndroidManifest.xml:21:13-31
28
29        <activity android:name="com.xnoeleex.MainActivity" >
29-->src\main\AndroidManifest.xml:23:9-29:20
29-->src\main\AndroidManifest.xml:23:19-47
30            <intent-filter>
30-->src\main\AndroidManifest.xml:24:13-28:29
31                <action android:name="android.intent.action.MAIN" />
31-->src\main\AndroidManifest.xml:25:17-69
31-->src\main\AndroidManifest.xml:25:25-66
32
33                <category android:name="android.intent.category.LAUNCHER" />
33-->src\main\AndroidManifest.xml:27:17-77
33-->src\main\AndroidManifest.xml:27:27-74
34            </intent-filter>
35        </activity>
36    </application>
37
38</manifest>